<?xml version="1.0" encoding="UTF-8"?>
<testsuite xmlns:xsi="http://www.w3.org/2001/XMLSchema-instance" xsi:noNamespaceSchemaLocation="https://maven.apache.org/surefire/maven-surefire-plugin/xsd/surefire-test-report-3.0.xsd" version="3.0" name="com.frameworkium.bdd.TestRunner" time="15.927" tests="1" errors="0" skipped="0" failures="0">
  <properties>
    <property name="sun.desktop" value="windows"/>
    <property name="awt.toolkit" value="sun.awt.windows.WToolkit"/>
    <property name="java.specification.version" value="11"/>
    <property name="sun.cpu.isalist" value="amd64"/>
    <property name="sun.jnu.encoding" value="Cp1252"/>
    <property name="java.class.path" value="C:\Users\cara.townsend\Documents\IdeaProjects\Java Test\frucumber-practice\target\test-classes;C:\Users\cara.townsend\Documents\IdeaProjects\Java Test\frucumber-practice\target\classes;C:\Users\cara.townsend\.m2\repository\com\github\frameworkium\frameworkium-core\3.0.0\frameworkium-core-3.0.0.jar;C:\Users\cara.townsend\.m2\repository\org\seleniumhq\selenium\selenium-java\3.141.59\selenium-java-3.141.59.jar;C:\Users\cara.townsend\.m2\repository\org\seleniumhq\selenium\selenium-api\3.141.59\selenium-api-3.141.59.jar;C:\Users\cara.townsend\.m2\repository\org\seleniumhq\selenium\selenium-chrome-driver\3.141.59\selenium-chrome-driver-3.141.59.jar;C:\Users\cara.townsend\.m2\repository\org\seleniumhq\selenium\selenium-edge-driver\3.141.59\selenium-edge-driver-3.141.59.jar;C:\Users\cara.townsend\.m2\repository\org\seleniumhq\selenium\selenium-firefox-driver\3.141.59\selenium-firefox-driver-3.141.59.jar;C:\Users\cara.townsend\.m2\repository\org\seleniumhq\selenium\selenium-ie-driver\3.141.59\selenium-ie-driver-3.141.59.jar;C:\Users\cara.townsend\.m2\repository\org\seleniumhq\selenium\selenium-opera-driver\3.141.59\selenium-opera-driver-3.141.59.jar;C:\Users\cara.townsend\.m2\repository\org\seleniumhq\selenium\selenium-remote-driver\3.141.59\selenium-remote-driver-3.141.59.jar;C:\Users\cara.townsend\.m2\repository\org\seleniumhq\selenium\selenium-safari-driver\3.141.59\selenium-safari-driver-3.141.59.jar;C:\Users\cara.townsend\.m2\repository\org\seleniumhq\selenium\selenium-support\3.141.59\selenium-support-3.141.59.jar;C:\Users\cara.townsend\.m2\repository\net\bytebuddy\byte-buddy\1.8.15\byte-buddy-1.8.15.jar;C:\Users\cara.townsend\.m2\repository\org\apache\commons\commons-exec\1.3\commons-exec-1.3.jar;C:\Users\cara.townsend\.m2\repository\com\squareup\okhttp3\okhttp\3.11.0\okhttp-3.11.0.jar;C:\Users\cara.townsend\.m2\repository\com\squareup\okio\okio\1.14.0\okio-1.14.0.jar;C:\Users\cara.townsend\.m2\repository\ru\yandex\qatools\htmlelements\htmlelements-java\1.20.0\htmlelements-java-1.20.0.jar;C:\Users\cara.townsend\.m2\repository\com\paulhammant\ngwebdriver\1.1.4\ngwebdriver-1.1.4.jar;C:\Users\cara.townsend\.m2\repository\net\sf\uadetector\uadetector-resources\2014.10\uadetector-resources-2014.10.jar;C:\Users\cara.townsend\.m2\repository\net\sf\uadetector\uadetector-core\0.9.22\uadetector-core-0.9.22.jar;C:\Users\cara.townsend\.m2\repository\net\sf\qualitycheck\quality-check\1.3\quality-check-1.3.jar;C:\Users\cara.townsend\.m2\repository\javax\annotation\jsr250-api\1.0\jsr250-api-1.0.jar;C:\Users\cara.townsend\.m2\repository\com\saucelabs\sauce_testng\2.1.25\sauce_testng-2.1.25.jar;C:\Users\cara.townsend\.m2\repository\com\saucelabs\sauce_java_common\2.1.25\sauce_java_common-2.1.25.jar;C:\Users\cara.townsend\.m2\repository\com\googlecode\json-simple\json-simple\1.1.1\json-simple-1.1.1.jar;C:\Users\cara.townsend\.m2\repository\commons-lang\commons-lang\2.6\commons-lang-2.6.jar;C:\Users\cara.townsend\.m2\repository\com\saucelabs\saucerest\1.0.42\saucerest-1.0.42.jar;C:\Users\cara.townsend\.m2\repository\commons-codec\commons-codec\1.10\commons-codec-1.10.jar;C:\Users\cara.townsend\.m2\repository\org\testng\testng\6.14.3\testng-6.14.3.jar;C:\Users\cara.townsend\.m2\repository\com\beust\jcommander\1.72\jcommander-1.72.jar;C:\Users\cara.townsend\.m2\repository\org\apache-extras\beanshell\bsh\2.0b6\bsh-2.0b6.jar;C:\Users\cara.townsend\.m2\repository\io\qameta\allure\allure-testng\2.12.1\allure-testng-2.12.1.jar;C:\Users\cara.townsend\.m2\repository\com\google\truth\truth\1.0\truth-1.0.jar;C:\Users\cara.townsend\.m2\repository\org\checkerframework\checker-compat-qual\2.5.5\checker-compat-qual-2.5.5.jar;C:\Users\cara.townsend\.m2\repository\junit\junit\4.12\junit-4.12.jar;C:\Users\cara.townsend\.m2\repository\com\googlecode\java-diff-utils\diffutils\1.3.0\diffutils-1.3.0.jar;C:\Users\cara.townsend\.m2\repository\com\google\auto\value\auto-value-annotations\1.6.3\auto-value-annotations-1.6.3.jar;C:\Users\cara.townsend\.m2\repository\com\google\errorprone\error_prone_annotations\2.3.1\error_prone_annotations-2.3.1.jar;C:\Users\cara.townsend\.m2\repository\com\google\truth\extensions\truth-java8-extension\1.0\truth-java8-extension-1.0.jar;C:\Users\cara.townsend\.m2\repository\com\google\guava\guava\28.0-jre\guava-28.0-jre.jar;C:\Users\cara.townsend\.m2\repository\com\google\guava\failureaccess\1.0.1\failureaccess-1.0.1.jar;C:\Users\cara.townsend\.m2\repository\com\google\guava\listenablefuture\9999.0-empty-to-avoid-conflict-with-guava\listenablefuture-9999.0-empty-to-avoid-conflict-with-guava.jar;C:\Users\cara.townsend\.m2\repository\com\google\code\findbugs\jsr305\3.0.2\jsr305-3.0.2.jar;C:\Users\cara.townsend\.m2\repository\org\checkerframework\checker-qual\2.8.1\checker-qual-2.8.1.jar;C:\Users\cara.townsend\.m2\repository\com\google\j2objc\j2objc-annotations\1.3\j2objc-annotations-1.3.jar;C:\Users\cara.townsend\.m2\repository\org\codehaus\mojo\animal-sniffer-annotations\1.17\animal-sniffer-annotations-1.17.jar;C:\Users\cara.townsend\.m2\repository\org\apache\logging\log4j\log4j-api\2.12.0\log4j-api-2.12.0.jar;C:\Users\cara.townsend\.m2\repository\org\apache\logging\log4j\log4j-core\2.12.0\log4j-core-2.12.0.jar;C:\Users\cara.townsend\.m2\repository\org\slf4j\slf4j-simple\1.7.26\slf4j-simple-1.7.26.jar;C:\Users\cara.townsend\.m2\repository\io\rest-assured\rest-assured\4.0.0\rest-assured-4.0.0.jar;C:\Users\cara.townsend\.m2\repository\org\apache\httpcomponents\httpmime\4.5.3\httpmime-4.5.3.jar;C:\Users\cara.townsend\.m2\repository\org\hamcrest\hamcrest-core\2.1\hamcrest-core-2.1.jar;C:\Users\cara.townsend\.m2\repository\org\hamcrest\hamcrest\2.1\hamcrest-2.1.jar;C:\Users\cara.townsend\.m2\repository\org\hamcrest\hamcrest-library\2.1\hamcrest-library-2.1.jar;C:\Users\cara.townsend\.m2\repository\org\ccil\cowan\tagsoup\tagsoup\1.2.1\tagsoup-1.2.1.jar;C:\Users\cara.townsend\.m2\repository\io\rest-assured\json-path\4.0.0\json-path-4.0.0.jar;C:\Users\cara.townsend\.m2\repository\io\rest-assured\rest-assured-common\4.0.0\rest-assured-common-4.0.0.jar;C:\Users\cara.townsend\.m2\repository\io\rest-assured\xml-path\4.0.0\xml-path-4.0.0.jar;C:\Users\cara.townsend\.m2\repository\javax\xml\bind\jaxb-api\2.2.12\jaxb-api-2.2.12.jar;C:\Users\cara.townsend\.m2\repository\com\sun\xml\bind\jaxb-osgi\2.2.10\jaxb-osgi-2.2.10.jar;C:\Users\cara.townsend\.m2\repository\org\apache\sling\org.apache.sling.javax.activation\0.1.0\org.apache.sling.javax.activation-0.1.0.jar;C:\Users\cara.townsend\.m2\repository\javax\activation\activation\1.1.1\activation-1.1.1.jar;C:\Users\cara.townsend\.m2\repository\org\apache\commons\commons-lang3\3.9\commons-lang3-3.9.jar;C:\Users\cara.townsend\.m2\repository\org\json\json\20180813\json-20180813.jar;C:\Users\cara.townsend\.m2\repository\com\fasterxml\jackson\core\jackson-annotations\2.9.9\jackson-annotations-2.9.9.jar;C:\Users\cara.townsend\.m2\repository\org\codehaus\groovy\groovy\2.5.7\groovy-2.5.7.jar;C:\Users\cara.townsend\.m2\repository\org\codehaus\groovy\groovy-ant\2.5.7\groovy-ant-2.5.7.jar;C:\Users\cara.townsend\.m2\repository\org\apache\ant\ant\1.9.13\ant-1.9.13.jar;C:\Users\cara.townsend\.m2\repository\org\apache\ant\ant-junit\1.9.13\ant-junit-1.9.13.jar;C:\Users\cara.townsend\.m2\repository\org\apache\ant\ant-launcher\1.9.13\ant-launcher-1.9.13.jar;C:\Users\cara.townsend\.m2\repository\org\apache\ant\ant-antlr\1.9.13\ant-antlr-1.9.13.jar;C:\Users\cara.townsend\.m2\repository\org\codehaus\groovy\groovy-cli-commons\2.5.7\groovy-cli-commons-2.5.7.jar;C:\Users\cara.townsend\.m2\repository\commons-cli\commons-cli\1.4\commons-cli-1.4.jar;C:\Users\cara.townsend\.m2\repository\org\codehaus\groovy\groovy-cli-picocli\2.5.7\groovy-cli-picocli-2.5.7.jar;C:\Users\cara.townsend\.m2\repository\info\picocli\picocli\3.9.5\picocli-3.9.5.jar;C:\Users\cara.townsend\.m2\repository\org\codehaus\groovy\groovy-console\2.5.7\groovy-console-2.5.7.jar;C:\Users\cara.townsend\.m2\repository\org\codehaus\groovy\groovy-datetime\2.5.7\groovy-datetime-2.5.7.jar;C:\Users\cara.townsend\.m2\repository\org\codehaus\groovy\groovy-docgenerator\2.5.7\groovy-docgenerator-2.5.7.jar;C:\Users\cara.townsend\.m2\repository\com\thoughtworks\qdox\qdox\1.12.1\qdox-1.12.1.jar;C:\Users\cara.townsend\.m2\repository\org\codehaus\groovy\groovy-groovydoc\2.5.7\groovy-groovydoc-2.5.7.jar;C:\Users\cara.townsend\.m2\repository\org\codehaus\groovy\groovy-groovysh\2.5.7\groovy-groovysh-2.5.7.jar;C:\Users\cara.townsend\.m2\repository\jline\jline\2.14.6\jline-2.14.6.jar;C:\Users\cara.townsend\.m2\repository\org\codehaus\groovy\groovy-jmx\2.5.7\groovy-jmx-2.5.7.jar;C:\Users\cara.townsend\.m2\repository\org\codehaus\groovy\groovy-json\2.5.7\groovy-json-2.5.7.jar;C:\Users\cara.townsend\.m2\repository\org\codehaus\groovy\groovy-jsr223\2.5.7\groovy-jsr223-2.5.7.jar;C:\Users\cara.townsend\.m2\repository\org\codehaus\groovy\groovy-macro\2.5.7\groovy-macro-2.5.7.jar;C:\Users\cara.townsend\.m2\repository\org\codehaus\groovy\groovy-nio\2.5.7\groovy-nio-2.5.7.jar;C:\Users\cara.townsend\.m2\repository\org\codehaus\groovy\groovy-servlet\2.5.7\groovy-servlet-2.5.7.jar;C:\Users\cara.townsend\.m2\repository\org\codehaus\groovy\groovy-sql\2.5.7\groovy-sql-2.5.7.jar;C:\Users\cara.townsend\.m2\repository\org\codehaus\groovy\groovy-swing\2.5.7\groovy-swing-2.5.7.jar;C:\Users\cara.townsend\.m2\repository\org\codehaus\groovy\groovy-templates\2.5.7\groovy-templates-2.5.7.jar;C:\Users\cara.townsend\.m2\repository\org\codehaus\groovy\groovy-test\2.5.7\groovy-test-2.5.7.jar;C:\Users\cara.townsend\.m2\repository\org\codehaus\groovy\groovy-test-junit5\2.5.7\groovy-test-junit5-2.5.7.jar;C:\Users\cara.townsend\.m2\repository\org\junit\platform\junit-platform-launcher\1.4.0\junit-platform-launcher-1.4.0.jar;C:\Users\cara.townsend\.m2\repository\org\junit\platform\junit-platform-engine\1.4.0\junit-platform-engine-1.4.0.jar;C:\Users\cara.townsend\.m2\repository\org\opentest4j\opentest4j\1.1.1\opentest4j-1.1.1.jar;C:\Users\cara.townsend\.m2\repository\org\junit\platform\junit-platform-commons\1.4.0\junit-platform-commons-1.4.0.jar;C:\Users\cara.townsend\.m2\repository\org\junit\jupiter\junit-jupiter-engine\5.4.0\junit-jupiter-engine-5.4.0.jar;C:\Users\cara.townsend\.m2\repository\org\junit\jupiter\junit-jupiter-api\5.4.0\junit-jupiter-api-5.4.0.jar;C:\Users\cara.townsend\.m2\repository\org\codehaus\groovy\groovy-testng\2.5.7\groovy-testng-2.5.7.jar;C:\Users\cara.townsend\.m2\repository\org\codehaus\groovy\groovy-xml\2.5.7\groovy-xml-2.5.7.jar;C:\Users\cara.townsend\.m2\repository\io\github\bonigarcia\webdrivermanager\3.3.0\webdrivermanager-3.3.0.jar;C:\Users\cara.townsend\.m2\repository\org\slf4j\slf4j-api\1.7.25\slf4j-api-1.7.25.jar;C:\Users\cara.townsend\.m2\repository\commons-io\commons-io\2.6\commons-io-2.6.jar;C:\Users\cara.townsend\.m2\repository\org\apache\httpcomponents\httpclient\4.5.6\httpclient-4.5.6.jar;C:\Users\cara.townsend\.m2\repository\org\apache\httpcomponents\httpcore\4.4.10\httpcore-4.4.10.jar;C:\Users\cara.townsend\.m2\repository\commons-logging\commons-logging\1.2\commons-logging-1.2.jar;C:\Users\cara.townsend\.m2\repository\org\rauschig\jarchivelib\1.0.0\jarchivelib-1.0.0.jar;C:\Users\cara.townsend\.m2\repository\org\apache\commons\commons-compress\1.18\commons-compress-1.18.jar;C:\Users\cara.townsend\.m2\repository\org\jsoup\jsoup\1.11.3\jsoup-1.11.3.jar;C:\Users\cara.townsend\.m2\repository\io\cucumber\cucumber-java\4.7.2\cucumber-java-4.7.2.jar;C:\Users\cara.townsend\.m2\repository\io\cucumber\cucumber-core\4.7.2\cucumber-core-4.7.2.jar;C:\Users\cara.townsend\.m2\repository\io\cucumber\gherkin\5.1.0\gherkin-5.1.0.jar;C:\Users\cara.townsend\.m2\repository\io\cucumber\tag-expressions\1.1.1\tag-expressions-1.1.1.jar;C:\Users\cara.townsend\.m2\repository\io\cucumber\cucumber-expressions\7.0.2\cucumber-expressions-7.0.2.jar;C:\Users\cara.townsend\.m2\repository\io\cucumber\datatable\1.1.14\datatable-1.1.14.jar;C:\Users\cara.townsend\.m2\repository\io\cucumber\datatable-dependencies\1.1.14\datatable-dependencies-1.1.14.jar;C:\Users\cara.townsend\.m2\repository\org\apiguardian\apiguardian-api\1.1.0\apiguardian-api-1.1.0.jar;C:\Users\cara.townsend\.m2\repository\io\cucumber\cucumber-testng\4.7.2\cucumber-testng-4.7.2.jar;C:\Users\cara.townsend\.m2\repository\io\qameta\allure\allure-cucumber-jvm\2.13.0\allure-cucumber-jvm-2.13.0.jar;C:\Users\cara.townsend\.m2\repository\io\qameta\allure\allure-java-commons\2.13.0\allure-java-commons-2.13.0.jar;C:\Users\cara.townsend\.m2\repository\io\qameta\allure\allure-model\2.13.0\allure-model-2.13.0.jar;C:\Users\cara.townsend\.m2\repository\com\fasterxml\jackson\core\jackson-databind\2.9.8\jackson-databind-2.9.8.jar;C:\Users\cara.townsend\.m2\repository\com\fasterxml\jackson\core\jackson-core\2.9.8\jackson-core-2.9.8.jar;C:\Users\cara.townsend\.m2\repository\org\apache\tika\tika-core\1.20\tika-core-1.20.jar;C:\Users\cara.townsend\.m2\repository\org\jooq\joor-java-8\0.9.10\joor-java-8-0.9.10.jar;C:\Users\cara.townsend\.m2\repository\info\cukes\cucumber-core\1.2.5\cucumber-core-1.2.5.jar;C:\Users\cara.townsend\.m2\repository\info\cukes\cucumber-html\0.2.3\cucumber-html-0.2.3.jar;C:\Users\cara.townsend\.m2\repository\info\cukes\cucumber-java\1.2.5\cucumber-java-1.2.5.jar;C:\Users\cara.townsend\.m2\repository\info\cukes\gherkin\2.12.2\gherkin-2.12.2.jar;C:\Users\cara.townsend\.m2\repository\info\cukes\cucumber-picocontainer\1.2.5\cucumber-picocontainer-1.2.5.jar;C:\Users\cara.townsend\.m2\repository\info\cukes\cucumber-jvm-deps\1.0.5\cucumber-jvm-deps-1.0.5.jar;C:\Users\cara.townsend\.m2\repository\org\picocontainer\picocontainer\2.15\picocontainer-2.15.jar;C:\Users\cara.townsend\.m2\repository\org\aspectj\aspectjweaver\1.9.4\aspectjweaver-1.9.4.jar;C:\Users\cara.townsend\.m2\repository\com\google\code\gson\gson\2.8.6\gson-2.8.6.jar;"/>
    <property name="java.vm.vendor" value="Azul Systems, Inc."/>
    <property name="sun.arch.data.model" value="64"/>
    <property name="user.variant" value=""/>
    <property name="java.vendor.url" value="http://www.azulsystems.com/"/>
    <property name="user.timezone" value="Europe/London"/>
    <property name="java.vm.specification.version" value="11"/>
    <property name="os.name" value="Windows 10"/>
    <property name="sun.java.launcher" value="SUN_STANDARD"/>
    <property name="user.country" value="GB"/>
    <property name="sun.boot.library.path" value="C:\Program Files\Zulu\zulu-11\bin"/>
    <property name="sun.java.command" value="C:\Users\cara.townsend\AppData\Local\Temp\surefire6577733997111023523\surefirebooter5651213641671090853.jar C:\Users\cara.townsend\AppData\Local\Temp\surefire6577733997111023523 2020-01-30T09-20-21_058-jvmRun1 surefire10402248394516022312tmp surefire_08387809163926925637tmp"/>
    <property name="jdk.debug" value="release"/>
    <property name="surefire.test.class.path" value="C:\Users\cara.townsend\Documents\IdeaProjects\Java Test\frucumber-practice\target\test-classes;C:\Users\cara.townsend\Documents\IdeaProjects\Java Test\frucumber-practice\target\classes;C:\Users\cara.townsend\.m2\repository\com\github\frameworkium\frameworkium-core\3.0.0\frameworkium-core-3.0.0.jar;C:\Users\cara.townsend\.m2\repository\org\seleniumhq\selenium\selenium-java\3.141.59\selenium-java-3.141.59.jar;C:\Users\cara.townsend\.m2\repository\org\seleniumhq\selenium\selenium-api\3.141.59\selenium-api-3.141.59.jar;C:\Users\cara.townsend\.m2\repository\org\seleniumhq\selenium\selenium-chrome-driver\3.141.59\selenium-chrome-driver-3.141.59.jar;C:\Users\cara.townsend\.m2\repository\org\seleniumhq\selenium\selenium-edge-driver\3.141.59\selenium-edge-driver-3.141.59.jar;C:\Users\cara.townsend\.m2\repository\org\seleniumhq\selenium\selenium-firefox-driver\3.141.59\selenium-firefox-driver-3.141.59.jar;C:\Users\cara.townsend\.m2\repository\org\seleniumhq\selenium\selenium-ie-driver\3.141.59\selenium-ie-driver-3.141.59.jar;C:\Users\cara.townsend\.m2\repository\org\seleniumhq\selenium\selenium-opera-driver\3.141.59\selenium-opera-driver-3.141.59.jar;C:\Users\cara.townsend\.m2\repository\org\seleniumhq\selenium\selenium-remote-driver\3.141.59\selenium-remote-driver-3.141.59.jar;C:\Users\cara.townsend\.m2\repository\org\seleniumhq\selenium\selenium-safari-driver\3.141.59\selenium-safari-driver-3.141.59.jar;C:\Users\cara.townsend\.m2\repository\org\seleniumhq\selenium\selenium-support\3.141.59\selenium-support-3.141.59.jar;C:\Users\cara.townsend\.m2\repository\net\bytebuddy\byte-buddy\1.8.15\byte-buddy-1.8.15.jar;C:\Users\cara.townsend\.m2\repository\org\apache\commons\commons-exec\1.3\commons-exec-1.3.jar;C:\Users\cara.townsend\.m2\repository\com\squareup\okhttp3\okhttp\3.11.0\okhttp-3.11.0.jar;C:\Users\cara.townsend\.m2\repository\com\squareup\okio\okio\1.14.0\okio-1.14.0.jar;C:\Users\cara.townsend\.m2\repository\ru\yandex\qatools\htmlelements\htmlelements-java\1.20.0\htmlelements-java-1.20.0.jar;C:\Users\cara.townsend\.m2\repository\com\paulhammant\ngwebdriver\1.1.4\ngwebdriver-1.1.4.jar;C:\Users\cara.townsend\.m2\repository\net\sf\uadetector\uadetector-resources\2014.10\uadetector-resources-2014.10.jar;C:\Users\cara.townsend\.m2\repository\net\sf\uadetector\uadetector-core\0.9.22\uadetector-core-0.9.22.jar;C:\Users\cara.townsend\.m2\repository\net\sf\qualitycheck\quality-check\1.3\quality-check-1.3.jar;C:\Users\cara.townsend\.m2\repository\javax\annotation\jsr250-api\1.0\jsr250-api-1.0.jar;C:\Users\cara.townsend\.m2\repository\com\saucelabs\sauce_testng\2.1.25\sauce_testng-2.1.25.jar;C:\Users\cara.townsend\.m2\repository\com\saucelabs\sauce_java_common\2.1.25\sauce_java_common-2.1.25.jar;C:\Users\cara.townsend\.m2\repository\com\googlecode\json-simple\json-simple\1.1.1\json-simple-1.1.1.jar;C:\Users\cara.townsend\.m2\repository\commons-lang\commons-lang\2.6\commons-lang-2.6.jar;C:\Users\cara.townsend\.m2\repository\com\saucelabs\saucerest\1.0.42\saucerest-1.0.42.jar;C:\Users\cara.townsend\.m2\repository\commons-codec\commons-codec\1.10\commons-codec-1.10.jar;C:\Users\cara.townsend\.m2\repository\org\testng\testng\6.14.3\testng-6.14.3.jar;C:\Users\cara.townsend\.m2\repository\com\beust\jcommander\1.72\jcommander-1.72.jar;C:\Users\cara.townsend\.m2\repository\org\apache-extras\beanshell\bsh\2.0b6\bsh-2.0b6.jar;C:\Users\cara.townsend\.m2\repository\io\qameta\allure\allure-testng\2.12.1\allure-testng-2.12.1.jar;C:\Users\cara.townsend\.m2\repository\com\google\truth\truth\1.0\truth-1.0.jar;C:\Users\cara.townsend\.m2\repository\org\checkerframework\checker-compat-qual\2.5.5\checker-compat-qual-2.5.5.jar;C:\Users\cara.townsend\.m2\repository\junit\junit\4.12\junit-4.12.jar;C:\Users\cara.townsend\.m2\repository\com\googlecode\java-diff-utils\diffutils\1.3.0\diffutils-1.3.0.jar;C:\Users\cara.townsend\.m2\repository\com\google\auto\value\auto-value-annotations\1.6.3\auto-value-annotations-1.6.3.jar;C:\Users\cara.townsend\.m2\repository\com\google\errorprone\error_prone_annotations\2.3.1\error_prone_annotations-2.3.1.jar;C:\Users\cara.townsend\.m2\repository\com\google\truth\extensions\truth-java8-extension\1.0\truth-java8-extension-1.0.jar;C:\Users\cara.townsend\.m2\repository\com\google\guava\guava\28.0-jre\guava-28.0-jre.jar;C:\Users\cara.townsend\.m2\repository\com\google\guava\failureaccess\1.0.1\failureaccess-1.0.1.jar;C:\Users\cara.townsend\.m2\repository\com\google\guava\listenablefuture\9999.0-empty-to-avoid-conflict-with-guava\listenablefuture-9999.0-empty-to-avoid-conflict-with-guava.jar;C:\Users\cara.townsend\.m2\repository\com\google\code\findbugs\jsr305\3.0.2\jsr305-3.0.2.jar;C:\Users\cara.townsend\.m2\repository\org\checkerframework\checker-qual\2.8.1\checker-qual-2.8.1.jar;C:\Users\cara.townsend\.m2\repository\com\google\j2objc\j2objc-annotations\1.3\j2objc-annotations-1.3.jar;C:\Users\cara.townsend\.m2\repository\org\codehaus\mojo\animal-sniffer-annotations\1.17\animal-sniffer-annotations-1.17.jar;C:\Users\cara.townsend\.m2\repository\org\apache\logging\log4j\log4j-api\2.12.0\log4j-api-2.12.0.jar;C:\Users\cara.townsend\.m2\repository\org\apache\logging\log4j\log4j-core\2.12.0\log4j-core-2.12.0.jar;C:\Users\cara.townsend\.m2\repository\org\slf4j\slf4j-simple\1.7.26\slf4j-simple-1.7.26.jar;C:\Users\cara.townsend\.m2\repository\io\rest-assured\rest-assured\4.0.0\rest-assured-4.0.0.jar;C:\Users\cara.townsend\.m2\repository\org\apache\httpcomponents\httpmime\4.5.3\httpmime-4.5.3.jar;C:\Users\cara.townsend\.m2\repository\org\hamcrest\hamcrest-core\2.1\hamcrest-core-2.1.jar;C:\Users\cara.townsend\.m2\repository\org\hamcrest\hamcrest\2.1\hamcrest-2.1.jar;C:\Users\cara.townsend\.m2\repository\org\hamcrest\hamcrest-library\2.1\hamcrest-library-2.1.jar;C:\Users\cara.townsend\.m2\repository\org\ccil\cowan\tagsoup\tagsoup\1.2.1\tagsoup-1.2.1.jar;C:\Users\cara.townsend\.m2\repository\io\rest-assured\json-path\4.0.0\json-path-4.0.0.jar;C:\Users\cara.townsend\.m2\repository\io\rest-assured\rest-assured-common\4.0.0\rest-assured-common-4.0.0.jar;C:\Users\cara.townsend\.m2\repository\io\rest-assured\xml-path\4.0.0\xml-path-4.0.0.jar;C:\Users\cara.townsend\.m2\repository\javax\xml\bind\jaxb-api\2.2.12\jaxb-api-2.2.12.jar;C:\Users\cara.townsend\.m2\repository\com\sun\xml\bind\jaxb-osgi\2.2.10\jaxb-osgi-2.2.10.jar;C:\Users\cara.townsend\.m2\repository\org\apache\sling\org.apache.sling.javax.activation\0.1.0\org.apache.sling.javax.activation-0.1.0.jar;C:\Users\cara.townsend\.m2\repository\javax\activation\activation\1.1.1\activation-1.1.1.jar;C:\Users\cara.townsend\.m2\repository\org\apache\commons\commons-lang3\3.9\commons-lang3-3.9.jar;C:\Users\cara.townsend\.m2\repository\org\json\json\20180813\json-20180813.jar;C:\Users\cara.townsend\.m2\repository\com\fasterxml\jackson\core\jackson-annotations\2.9.9\jackson-annotations-2.9.9.jar;C:\Users\cara.townsend\.m2\repository\org\codehaus\groovy\groovy\2.5.7\groovy-2.5.7.jar;C:\Users\cara.townsend\.m2\repository\org\codehaus\groovy\groovy-ant\2.5.7\groovy-ant-2.5.7.jar;C:\Users\cara.townsend\.m2\repository\org\apache\ant\ant\1.9.13\ant-1.9.13.jar;C:\Users\cara.townsend\.m2\repository\org\apache\ant\ant-junit\1.9.13\ant-junit-1.9.13.jar;C:\Users\cara.townsend\.m2\repository\org\apache\ant\ant-launcher\1.9.13\ant-launcher-1.9.13.jar;C:\Users\cara.townsend\.m2\repository\org\apache\ant\ant-antlr\1.9.13\ant-antlr-1.9.13.jar;C:\Users\cara.townsend\.m2\repository\org\codehaus\groovy\groovy-cli-commons\2.5.7\groovy-cli-commons-2.5.7.jar;C:\Users\cara.townsend\.m2\repository\commons-cli\commons-cli\1.4\commons-cli-1.4.jar;C:\Users\cara.townsend\.m2\repository\org\codehaus\groovy\groovy-cli-picocli\2.5.7\groovy-cli-picocli-2.5.7.jar;C:\Users\cara.townsend\.m2\repository\info\picocli\picocli\3.9.5\picocli-3.9.5.jar;C:\Users\cara.townsend\.m2\repository\org\codehaus\groovy\groovy-console\2.5.7\groovy-console-2.5.7.jar;C:\Users\cara.townsend\.m2\repository\org\codehaus\groovy\groovy-datetime\2.5.7\groovy-datetime-2.5.7.jar;C:\Users\cara.townsend\.m2\repository\org\codehaus\groovy\groovy-docgenerator\2.5.7\groovy-docgenerator-2.5.7.jar;C:\Users\cara.townsend\.m2\repository\com\thoughtworks\qdox\qdox\1.12.1\qdox-1.12.1.jar;C:\Users\cara.townsend\.m2\repository\org\codehaus\groovy\groovy-groovydoc\2.5.7\groovy-groovydoc-2.5.7.jar;C:\Users\cara.townsend\.m2\repository\org\codehaus\groovy\groovy-groovysh\2.5.7\groovy-groovysh-2.5.7.jar;C:\Users\cara.townsend\.m2\repository\jline\jline\2.14.6\jline-2.14.6.jar;C:\Users\cara.townsend\.m2\repository\org\codehaus\groovy\groovy-jmx\2.5.7\groovy-jmx-2.5.7.jar;C:\Users\cara.townsend\.m2\repository\org\codehaus\groovy\groovy-json\2.5.7\groovy-json-2.5.7.jar;C:\Users\cara.townsend\.m2\repository\org\codehaus\groovy\groovy-jsr223\2.5.7\groovy-jsr223-2.5.7.jar;C:\Users\cara.townsend\.m2\repository\org\codehaus\groovy\groovy-macro\2.5.7\groovy-macro-2.5.7.jar;C:\Users\cara.townsend\.m2\repository\org\codehaus\groovy\groovy-nio\2.5.7\groovy-nio-2.5.7.jar;C:\Users\cara.townsend\.m2\repository\org\codehaus\groovy\groovy-servlet\2.5.7\groovy-servlet-2.5.7.jar;C:\Users\cara.townsend\.m2\repository\org\codehaus\groovy\groovy-sql\2.5.7\groovy-sql-2.5.7.jar;C:\Users\cara.townsend\.m2\repository\org\codehaus\groovy\groovy-swing\2.5.7\groovy-swing-2.5.7.jar;C:\Users\cara.townsend\.m2\repository\org\codehaus\groovy\groovy-templates\2.5.7\groovy-templates-2.5.7.jar;C:\Users\cara.townsend\.m2\repository\org\codehaus\groovy\groovy-test\2.5.7\groovy-test-2.5.7.jar;C:\Users\cara.townsend\.m2\repository\org\codehaus\groovy\groovy-test-junit5\2.5.7\groovy-test-junit5-2.5.7.jar;C:\Users\cara.townsend\.m2\repository\org\junit\platform\junit-platform-launcher\1.4.0\junit-platform-launcher-1.4.0.jar;C:\Users\cara.townsend\.m2\repository\org\junit\platform\junit-platform-engine\1.4.0\junit-platform-engine-1.4.0.jar;C:\Users\cara.townsend\.m2\repository\org\opentest4j\opentest4j\1.1.1\opentest4j-1.1.1.jar;C:\Users\cara.townsend\.m2\repository\org\junit\platform\junit-platform-commons\1.4.0\junit-platform-commons-1.4.0.jar;C:\Users\cara.townsend\.m2\repository\org\junit\jupiter\junit-jupiter-engine\5.4.0\junit-jupiter-engine-5.4.0.jar;C:\Users\cara.townsend\.m2\repository\org\junit\jupiter\junit-jupiter-api\5.4.0\junit-jupiter-api-5.4.0.jar;C:\Users\cara.townsend\.m2\repository\org\codehaus\groovy\groovy-testng\2.5.7\groovy-testng-2.5.7.jar;C:\Users\cara.townsend\.m2\repository\org\codehaus\groovy\groovy-xml\2.5.7\groovy-xml-2.5.7.jar;C:\Users\cara.townsend\.m2\repository\io\github\bonigarcia\webdrivermanager\3.3.0\webdrivermanager-3.3.0.jar;C:\Users\cara.townsend\.m2\repository\org\slf4j\slf4j-api\1.7.25\slf4j-api-1.7.25.jar;C:\Users\cara.townsend\.m2\repository\commons-io\commons-io\2.6\commons-io-2.6.jar;C:\Users\cara.townsend\.m2\repository\org\apache\httpcomponents\httpclient\4.5.6\httpclient-4.5.6.jar;C:\Users\cara.townsend\.m2\repository\org\apache\httpcomponents\httpcore\4.4.10\httpcore-4.4.10.jar;C:\Users\cara.townsend\.m2\repository\commons-logging\commons-logging\1.2\commons-logging-1.2.jar;C:\Users\cara.townsend\.m2\repository\org\rauschig\jarchivelib\1.0.0\jarchivelib-1.0.0.jar;C:\Users\cara.townsend\.m2\repository\org\apache\commons\commons-compress\1.18\commons-compress-1.18.jar;C:\Users\cara.townsend\.m2\repository\org\jsoup\jsoup\1.11.3\jsoup-1.11.3.jar;C:\Users\cara.townsend\.m2\repository\io\cucumber\cucumber-java\4.7.2\cucumber-java-4.7.2.jar;C:\Users\cara.townsend\.m2\repository\io\cucumber\cucumber-core\4.7.2\cucumber-core-4.7.2.jar;C:\Users\cara.townsend\.m2\repository\io\cucumber\gherkin\5.1.0\gherkin-5.1.0.jar;C:\Users\cara.townsend\.m2\repository\io\cucumber\tag-expressions\1.1.1\tag-expressions-1.1.1.jar;C:\Users\cara.townsend\.m2\repository\io\cucumber\cucumber-expressions\7.0.2\cucumber-expressions-7.0.2.jar;C:\Users\cara.townsend\.m2\repository\io\cucumber\datatable\1.1.14\datatable-1.1.14.jar;C:\Users\cara.townsend\.m2\repository\io\cucumber\datatable-dependencies\1.1.14\datatable-dependencies-1.1.14.jar;C:\Users\cara.townsend\.m2\repository\org\apiguardian\apiguardian-api\1.1.0\apiguardian-api-1.1.0.jar;C:\Users\cara.townsend\.m2\repository\io\cucumber\cucumber-testng\4.7.2\cucumber-testng-4.7.2.jar;C:\Users\cara.townsend\.m2\repository\io\qameta\allure\allure-cucumber-jvm\2.13.0\allure-cucumber-jvm-2.13.0.jar;C:\Users\cara.townsend\.m2\repository\io\qameta\allure\allure-java-commons\2.13.0\allure-java-commons-2.13.0.jar;C:\Users\cara.townsend\.m2\repository\io\qameta\allure\allure-model\2.13.0\allure-model-2.13.0.jar;C:\Users\cara.townsend\.m2\repository\com\fasterxml\jackson\core\jackson-databind\2.9.8\jackson-databind-2.9.8.jar;C:\Users\cara.townsend\.m2\repository\com\fasterxml\jackson\core\jackson-core\2.9.8\jackson-core-2.9.8.jar;C:\Users\cara.townsend\.m2\repository\org\apache\tika\tika-core\1.20\tika-core-1.20.jar;C:\Users\cara.townsend\.m2\repository\org\jooq\joor-java-8\0.9.10\joor-java-8-0.9.10.jar;C:\Users\cara.townsend\.m2\repository\info\cukes\cucumber-core\1.2.5\cucumber-core-1.2.5.jar;C:\Users\cara.townsend\.m2\repository\info\cukes\cucumber-html\0.2.3\cucumber-html-0.2.3.jar;C:\Users\cara.townsend\.m2\repository\info\cukes\cucumber-java\1.2.5\cucumber-java-1.2.5.jar;C:\Users\cara.townsend\.m2\repository\info\cukes\gherkin\2.12.2\gherkin-2.12.2.jar;C:\Users\cara.townsend\.m2\repository\info\cukes\cucumber-picocontainer\1.2.5\cucumber-picocontainer-1.2.5.jar;C:\Users\cara.townsend\.m2\repository\info\cukes\cucumber-jvm-deps\1.0.5\cucumber-jvm-deps-1.0.5.jar;C:\Users\cara.townsend\.m2\repository\org\picocontainer\picocontainer\2.15\picocontainer-2.15.jar;C:\Users\cara.townsend\.m2\repository\org\aspectj\aspectjweaver\1.9.4\aspectjweaver-1.9.4.jar;C:\Users\cara.townsend\.m2\repository\com\google\code\gson\gson\2.8.6\gson-2.8.6.jar;"/>
    <property name="sun.cpu.endian" value="little"/>
    <property name="allure.results.directory" value="C:\Users\cara.townsend\Documents\IdeaProjects\Java Test\frucumber-practice\target/allure-results"/>
    <property name="user.home" value="C:\Users\cara.townsend"/>
    <property name="user.language" value="en"/>
    <property name="java.specification.vendor" value="Oracle Corporation"/>
    <property name="screenshotDirectory" value="C:\Users\cara.townsend\Documents\IdeaProjects\Java Test\frucumber-practice\target/screenshots"/>
    <property name="java.version.date" value="2019-07-16"/>
    <property name="java.home" value="C:\Program Files\Zulu\zulu-11"/>
    <property name="file.separator" value="\"/>
    <property name="basedir" value="C:\Users\cara.townsend\Documents\IdeaProjects\Java Test\frucumber-practice"/>
    <property name="java.vm.compressedOopsMode" value="32-bit"/>
    <property name="line.separator" value="&#10;"/>
    <property name="java.specification.name" value="Java Platform API Specification"/>
    <property name="java.vm.specification.vendor" value="Oracle Corporation"/>
    <property name="java.awt.graphicsenv" value="sun.awt.Win32GraphicsEnvironment"/>
    <property name="surefire.real.class.path" value="C:\Users\cara.townsend\AppData\Local\Temp\surefire6577733997111023523\surefirebooter5651213641671090853.jar"/>
    <property name="user.script" value=""/>
    <property name="sun.management.compiler" value="HotSpot 64-Bit Tiered Compilers"/>
    <property name="java.runtime.version" value="11.0.4+11-LTS"/>
    <property name="user.name" value="cara.townsend"/>
    <property name="path.separator" value=";"/>
    <property name="os.version" value="10.0"/>
    <property name="java.runtime.name" value="OpenJDK Runtime Environment"/>
    <property name="file.encoding" value="Cp1252"/>
    <property name="browser" value="chrome"/>
    <property name="java.vm.name" value="OpenJDK 64-Bit Server VM"/>
    <property name="java.vendor.version" value="Zulu11.33+15-CA"/>
    <property name="localRepository" value="C:\Users\cara.townsend\.m2\repository"/>
    <property name="cucumber.options" value="--tags @FT-1"/>
    <property name="java.vendor.url.bug" value="http://www.azulsystems.com/support/"/>
    <property name="java.io.tmpdir" value="C:\Users\CARA~1.TOW\AppData\Local\Temp\"/>
    <property name="java.version" value="11.0.4"/>
    <property name="user.dir" value="C:\Users\cara.townsend\Documents\IdeaProjects\Java Test\frucumber-practice"/>
    <property name="os.arch" value="amd64"/>
    <property name="java.vm.specification.name" value="Java Virtual Machine Specification"/>
    <property name="java.awt.printerjob" value="sun.awt.windows.WPrinterJob"/>
    <property name="sun.os.patch.level" value=""/>
    <property name="java.library.path" value="C:\Program Files\Zulu\zulu-11\bin;C:\Windows\Sun\Java\bin;C:\Windows\system32;C:\Windows;C:\ProgramData\DockerDesktop\version-bin;C:\Program Files\Docker\Docker\Resources\bin;C:\Windows\system32;C:\Windows;C:\Windows\System32\Wbem;C:\Windows\System32\WindowsPowerShell\v1.0\;C:\Windows\System32\OpenSSH\;C:\Program Files\Zulu\zulu-11\bin\;C:\Program Files\Microsoft VS Code\bin;C:\Program Files\Chrome Driver\;C:\Program Files\nodejs\;C:\Program Files (x86)\Yarn\bin\;C:\Users\cara.townsend\apache-maven-3.6.3-bin\apache-maven-3.6.3\bin;C:\Program Files\Git\cmd;C:\Users\cara.townsend\AppData\Local\Microsoft\WindowsApps;C:\Users\cara.townsend\AppData\Roaming\npm;C:\Users\cara.townsend\AppData\Local\Yarn\bin;."/>
    <property name="java.vendor" value="Azul Systems, Inc."/>
    <property name="java.vm.info" value="mixed mode"/>
    <property name="java.vm.version" value="11.0.4+11-LTS"/>
    <property name="sun.io.unicode.encoding" value="UnicodeLittle"/>
    <property name="java.class.version" value="55.0"/>
  </properties>
  <testcase name="test" classname="com.frameworkium.bdd.TestRunner" time="3.268"/>
</testsuite>