<?xml version="1.0" encoding="UTF-8"?>
<!-- Generated by org.testng.reporters.JUnitReportReporter -->
<testsuite hostname="T10-ACA-0599" failures="0" tests="1" name="com.frameworkium.bdd.TestRunner" time="10.649" errors="0" timestamp="30 Jan 2020 09:20:39 GMT" skipped="0">
  <testcase classname="com.frameworkium.bdd.TestRunner" name="scenario" time="10.649"/>
</testsuite> <!-- com.frameworkium.bdd.TestRunner -->
