<?xml version="1.0" encoding="UTF-8"?>
<!-- Generated by org.testng.reporters.JUnitReportReporter -->
<testsuite hostname="T10-ACA-0599" failures="0" tests="1" name="com.frameworkium.bdd.TestRunner" time="12.390" errors="0" timestamp="30 Jan 2020 10:35:40 GMT" skipped="0">
  <testcase classname="com.frameworkium.bdd.TestRunner" name="scenario" time="12.390"/>
</testsuite> <!-- com.frameworkium.bdd.TestRunner -->
