<?xml version="1.0" encoding="UTF-8"?>
<!-- Generated by org.testng.reporters.JUnitReportReporter -->
<testsuite hostname="T10-ACA-0599" failures="0" tests="2" name="com.frameworkium.bdd.TestRunner" time="21.910" errors="0" timestamp="30 Jan 2020 11:38:14 GMT" skipped="0">
  <testcase classname="com.frameworkium.bdd.TestRunner" name="scenario" time="9.584"/>
  <testcase classname="com.frameworkium.bdd.TestRunner" name="scenario" time="12.326"/>
</testsuite> <!-- com.frameworkium.bdd.TestRunner -->
