<?xml version="1.0" encoding="UTF-8"?>
<!-- Generated by org.testng.reporters.JUnitReportReporter -->
<testsuite hostname="T10-ACA-0599" failures="0" tests="1" name="com.frameworkium.bdd.TestRunner" time="8.973" errors="1" timestamp="30 Jan 2020 08:55:54 GMT" skipped="0">
  <testcase classname="com.frameworkium.bdd.TestRunner" name="scenario" time="8.973">
    <error type="java.lang.NullPointerException">
      <![CDATA[java.lang.NullPointerException
at com.cttest.stepDefs.login.theUserIsLoggedIn(login.java:13)
at âœ½.the customer user is logged in(file:src/test/resources/features/basket.feature:5)
]]>
    </error>
  </testcase> <!-- scenario -->
</testsuite> <!-- com.frameworkium.bdd.TestRunner -->
